mode: set
github.com/zxmfke/train/datastruct/hashmap/hashmap.go:10.40,12.2 1 1
github.com/zxmfke/train/datastruct/hashmap/hashmap.go:14.51,19.15 4 1
github.com/zxmfke/train/datastruct/hashmap/hashmap.go:23.2,23.12 1 1
github.com/zxmfke/train/datastruct/hashmap/hashmap.go:19.15,21.3 1 1
github.com/zxmfke/train/datastruct/hashmap/hashmap.go:26.41,28.2 1 1
github.com/zxmfke/train/datastruct/hashmap/hashmap.go:30.52,33.2 2 1
github.com/zxmfke/train/datastruct/hashmap/hashmap.go:35.53,37.2 1 1
github.com/zxmfke/train/datastruct/hashmap/hashmap.go:39.36,41.2 1 1
