mode: set
github.com/zxmfke/train/datastruct/orderedSlice/ordered_list.go:17.37,19.2 1 1
github.com/zxmfke/train/datastruct/orderedSlice/ordered_list.go:21.38,28.2 2 1
github.com/zxmfke/train/datastruct/orderedSlice/ordered_list.go:30.40,34.17 2 1
github.com/zxmfke/train/datastruct/orderedSlice/ordered_list.go:38.2,38.31 1 1
github.com/zxmfke/train/datastruct/orderedSlice/ordered_list.go:42.2,42.18 1 1
github.com/zxmfke/train/datastruct/orderedSlice/ordered_list.go:34.17,36.3 1 1
github.com/zxmfke/train/datastruct/orderedSlice/ordered_list.go:38.31,40.3 1 1
github.com/zxmfke/train/datastruct/orderedSlice/ordered_list.go:46.39,48.2 1 1
github.com/zxmfke/train/datastruct/orderedSlice/ordered_list.go:51.53,52.17 1 1
github.com/zxmfke/train/datastruct/orderedSlice/ordered_list.go:61.2,67.16 4 1
github.com/zxmfke/train/datastruct/orderedSlice/ordered_list.go:80.2,80.8 1 1
github.com/zxmfke/train/datastruct/orderedSlice/ordered_list.go:52.17,59.3 3 1
github.com/zxmfke/train/datastruct/orderedSlice/ordered_list.go:68.15,70.12 2 1
github.com/zxmfke/train/datastruct/orderedSlice/ordered_list.go:71.14,72.37 1 1
github.com/zxmfke/train/datastruct/orderedSlice/ordered_list.go:73.24,77.12 4 1
github.com/zxmfke/train/datastruct/orderedSlice/ordered_list.go:84.60,85.17 1 1
github.com/zxmfke/train/datastruct/orderedSlice/ordered_list.go:89.2,91.18 2 1
github.com/zxmfke/train/datastruct/orderedSlice/ordered_list.go:85.17,87.3 1 1
github.com/zxmfke/train/datastruct/orderedSlice/ordered_list.go:95.74,99.23 2 1
github.com/zxmfke/train/datastruct/orderedSlice/ordered_list.go:103.2,103.17 1 1
github.com/zxmfke/train/datastruct/orderedSlice/ordered_list.go:107.2,109.40 2 1
github.com/zxmfke/train/datastruct/orderedSlice/ordered_list.go:118.2,118.15 1 1
github.com/zxmfke/train/datastruct/orderedSlice/ordered_list.go:99.23,101.3 1 1
github.com/zxmfke/train/datastruct/orderedSlice/ordered_list.go:103.17,105.3 1 1
github.com/zxmfke/train/datastruct/orderedSlice/ordered_list.go:109.40,111.27 1 1
github.com/zxmfke/train/datastruct/orderedSlice/ordered_list.go:115.3,115.37 1 1
github.com/zxmfke/train/datastruct/orderedSlice/ordered_list.go:111.27,112.9 1 1
github.com/zxmfke/train/datastruct/orderedSlice/ordered_list.go:122.81,126.34 2 1
github.com/zxmfke/train/datastruct/orderedSlice/ordered_list.go:130.2,130.18 1 1
github.com/zxmfke/train/datastruct/orderedSlice/ordered_list.go:134.2,134.33 1 1
github.com/zxmfke/train/datastruct/orderedSlice/ordered_list.go:138.2,138.43 1 1
github.com/zxmfke/train/datastruct/orderedSlice/ordered_list.go:126.34,128.3 1 1
github.com/zxmfke/train/datastruct/orderedSlice/ordered_list.go:130.18,132.3 1 1
github.com/zxmfke/train/datastruct/orderedSlice/ordered_list.go:134.33,136.3 1 1
github.com/zxmfke/train/datastruct/orderedSlice/ordered_list.go:150.88,154.34 2 1
github.com/zxmfke/train/datastruct/orderedSlice/ordered_list.go:158.2,158.18 1 1
github.com/zxmfke/train/datastruct/orderedSlice/ordered_list.go:167.2,167.33 1 1
github.com/zxmfke/train/datastruct/orderedSlice/ordered_list.go:171.2,171.54 1 1
github.com/zxmfke/train/datastruct/orderedSlice/ordered_list.go:154.34,156.3 1 1
github.com/zxmfke/train/datastruct/orderedSlice/ordered_list.go:158.18,160.28 1 1
github.com/zxmfke/train/datastruct/orderedSlice/ordered_list.go:164.3,164.39 1 1
github.com/zxmfke/train/datastruct/orderedSlice/ordered_list.go:160.28,162.4 1 1
github.com/zxmfke/train/datastruct/orderedSlice/ordered_list.go:167.33,169.3 1 1
github.com/zxmfke/train/datastruct/orderedSlice/ordered_list.go:175.60,177.18 1 1
github.com/zxmfke/train/datastruct/orderedSlice/ordered_list.go:181.2,183.16 2 1
github.com/zxmfke/train/datastruct/orderedSlice/ordered_list.go:187.2,187.15 1 1
github.com/zxmfke/train/datastruct/orderedSlice/ordered_list.go:177.18,179.3 1 1
github.com/zxmfke/train/datastruct/orderedSlice/ordered_list.go:183.16,185.3 1 1
github.com/zxmfke/train/datastruct/orderedSlice/ordered_list.go:191.56,192.17 1 1
github.com/zxmfke/train/datastruct/orderedSlice/ordered_list.go:196.2,197.10 2 1
github.com/zxmfke/train/datastruct/orderedSlice/ordered_list.go:201.2,203.24 2 1
github.com/zxmfke/train/datastruct/orderedSlice/ordered_list.go:209.2,211.20 3 1
github.com/zxmfke/train/datastruct/orderedSlice/ordered_list.go:192.17,194.3 1 1
github.com/zxmfke/train/datastruct/orderedSlice/ordered_list.go:197.10,199.3 1 1
github.com/zxmfke/train/datastruct/orderedSlice/ordered_list.go:203.24,207.3 3 1
