mode: set
github.com/zxmfke/train/datastruct/list/list.go:18.26,21.2 2 1
github.com/zxmfke/train/datastruct/list/list.go:23.56,31.2 6 1
github.com/zxmfke/train/datastruct/list/list.go:33.49,40.2 1 1
github.com/zxmfke/train/datastruct/list/list.go:42.45,47.2 4 1
github.com/zxmfke/train/datastruct/list/list.go:49.49,51.9 2 1
github.com/zxmfke/train/datastruct/list/list.go:54.2,54.19 1 1
github.com/zxmfke/train/datastruct/list/list.go:51.9,53.3 1 1
github.com/zxmfke/train/datastruct/list/list.go:56.44,57.19 1 1
github.com/zxmfke/train/datastruct/list/list.go:62.2,63.8 2 1
github.com/zxmfke/train/datastruct/list/list.go:68.2,71.15 4 1
github.com/zxmfke/train/datastruct/list/list.go:57.19,60.3 2 1
github.com/zxmfke/train/datastruct/list/list.go:63.8,66.3 2 1
github.com/zxmfke/train/datastruct/list/list.go:74.32,78.22 3 1
github.com/zxmfke/train/datastruct/list/list.go:87.2,87.23 1 1
github.com/zxmfke/train/datastruct/list/list.go:92.2,92.22 1 1
github.com/zxmfke/train/datastruct/list/list.go:100.2,100.26 1 1
github.com/zxmfke/train/datastruct/list/list.go:106.2,106.26 1 1
github.com/zxmfke/train/datastruct/list/list.go:113.2,118.8 5 1
github.com/zxmfke/train/datastruct/list/list.go:78.22,79.24 1 1
github.com/zxmfke/train/datastruct/list/list.go:83.3,83.27 1 1
github.com/zxmfke/train/datastruct/list/list.go:79.24,81.9 2 1
github.com/zxmfke/train/datastruct/list/list.go:87.23,89.3 1 1
github.com/zxmfke/train/datastruct/list/list.go:92.22,97.3 4 1
github.com/zxmfke/train/datastruct/list/list.go:100.26,104.3 3 1
github.com/zxmfke/train/datastruct/list/list.go:106.26,110.3 3 1
github.com/zxmfke/train/datastruct/list/list.go:121.32,122.19 1 1
github.com/zxmfke/train/datastruct/list/list.go:126.2,130.22 3 1
github.com/zxmfke/train/datastruct/list/list.go:135.2,135.19 1 1
github.com/zxmfke/train/datastruct/list/list.go:122.19,124.3 1 1
github.com/zxmfke/train/datastruct/list/list.go:130.22,133.3 2 1
github.com/zxmfke/train/datastruct/list/list.go:138.47,141.22 2 1
github.com/zxmfke/train/datastruct/list/list.go:148.2,148.19 1 1
github.com/zxmfke/train/datastruct/list/list.go:141.22,142.24 1 1
github.com/zxmfke/train/datastruct/list/list.go:145.3,145.27 1 1
github.com/zxmfke/train/datastruct/list/list.go:142.24,144.4 1 1
