mode: set
github.com/zxmfke/train/datastruct/list/array_list.go:16.39,18.2 1 1
github.com/zxmfke/train/datastruct/list/array_list.go:20.36,23.2 2 1
github.com/zxmfke/train/datastruct/list/array_list.go:25.52,30.2 4 1
github.com/zxmfke/train/datastruct/list/array_list.go:32.58,37.2 1 1
github.com/zxmfke/train/datastruct/list/array_list.go:39.54,41.9 2 1
github.com/zxmfke/train/datastruct/list/array_list.go:41.9,43.3 1 1
github.com/zxmfke/train/datastruct/list/array_list.go:44.2,44.17 1 1
github.com/zxmfke/train/datastruct/list/array_list.go:47.49,50.10 2 1
github.com/zxmfke/train/datastruct/list/array_list.go:50.10,55.3 4 1
github.com/zxmfke/train/datastruct/list/array_list.go:57.2,58.8 2 1
github.com/zxmfke/train/datastruct/list/array_list.go:61.37,64.10 2 1
github.com/zxmfke/train/datastruct/list/array_list.go:64.10,66.3 1 1
github.com/zxmfke/train/datastruct/list/array_list.go:68.2,68.16 1 1
github.com/zxmfke/train/datastruct/list/array_list.go:68.16,71.3 2 1
github.com/zxmfke/train/datastruct/list/array_list.go:73.2,73.24 1 1
github.com/zxmfke/train/datastruct/list/array_list.go:73.24,76.3 2 1
github.com/zxmfke/train/datastruct/list/array_list.go:78.2,81.8 3 1
github.com/zxmfke/train/datastruct/list/array_list.go:85.36,87.2 1 1
github.com/zxmfke/train/datastruct/list/array_list.go:90.54,92.17 1 1
github.com/zxmfke/train/datastruct/list/array_list.go:92.17,94.3 1 1
github.com/zxmfke/train/datastruct/list/array_list.go:96.2,100.17 3 1
github.com/zxmfke/train/datastruct/list/array_list.go:100.17,103.3 2 1
github.com/zxmfke/train/datastruct/list/array_list.go:105.2,106.23 2 1
github.com/zxmfke/train/datastruct/list/array_list.go:110.54,112.17 1 1
github.com/zxmfke/train/datastruct/list/array_list.go:112.17,114.3 1 1
github.com/zxmfke/train/datastruct/list/array_list.go:116.2,120.17 3 1
github.com/zxmfke/train/datastruct/list/array_list.go:120.17,123.3 2 1
github.com/zxmfke/train/datastruct/list/array_list.go:125.2,127.23 2 1
github.com/zxmfke/train/datastruct/list/array_list.go:130.37,131.17 1 1
github.com/zxmfke/train/datastruct/list/array_list.go:131.17,133.3 1 1
github.com/zxmfke/train/datastruct/list/array_list.go:135.2,137.31 2 1
github.com/zxmfke/train/datastruct/list/array_list.go:137.31,139.3 1 1
github.com/zxmfke/train/datastruct/list/array_list.go:141.2,141.19 1 1
github.com/zxmfke/train/datastruct/list/array_list.go:144.63,145.17 1 1
github.com/zxmfke/train/datastruct/list/array_list.go:145.17,147.3 1 1
github.com/zxmfke/train/datastruct/list/array_list.go:149.2,149.31 1 1
github.com/zxmfke/train/datastruct/list/array_list.go:149.31,150.25 1 1
github.com/zxmfke/train/datastruct/list/array_list.go:150.25,152.4 1 1
github.com/zxmfke/train/datastruct/list/array_list.go:155.2,155.22 1 1
github.com/zxmfke/train/datastruct/list/array_list.go:158.57,160.10 2 1
github.com/zxmfke/train/datastruct/list/array_list.go:160.10,162.3 1 1
github.com/zxmfke/train/datastruct/list/array_list.go:164.2,164.21 1 1
github.com/zxmfke/train/datastruct/list/linked_list.go:18.38,21.2 2 1
github.com/zxmfke/train/datastruct/list/linked_list.go:23.68,31.2 6 1
github.com/zxmfke/train/datastruct/list/linked_list.go:33.55,40.2 1 1
github.com/zxmfke/train/datastruct/list/linked_list.go:42.51,47.2 4 1
github.com/zxmfke/train/datastruct/list/linked_list.go:49.55,51.9 2 1
github.com/zxmfke/train/datastruct/list/linked_list.go:51.9,53.3 1 1
github.com/zxmfke/train/datastruct/list/linked_list.go:54.2,54.19 1 1
github.com/zxmfke/train/datastruct/list/linked_list.go:57.50,58.19 1 1
github.com/zxmfke/train/datastruct/list/linked_list.go:58.19,61.3 2 1
github.com/zxmfke/train/datastruct/list/linked_list.go:63.2,64.8 2 1
github.com/zxmfke/train/datastruct/list/linked_list.go:64.8,67.3 2 1
github.com/zxmfke/train/datastruct/list/linked_list.go:69.2,72.15 4 1
github.com/zxmfke/train/datastruct/list/linked_list.go:75.38,79.22 3 1
github.com/zxmfke/train/datastruct/list/linked_list.go:79.22,80.24 1 1
github.com/zxmfke/train/datastruct/list/linked_list.go:80.24,82.9 2 1
github.com/zxmfke/train/datastruct/list/linked_list.go:84.3,84.27 1 1
github.com/zxmfke/train/datastruct/list/linked_list.go:88.2,88.23 1 1
github.com/zxmfke/train/datastruct/list/linked_list.go:88.23,90.3 1 1
github.com/zxmfke/train/datastruct/list/linked_list.go:93.2,93.22 1 1
github.com/zxmfke/train/datastruct/list/linked_list.go:93.22,98.3 4 1
github.com/zxmfke/train/datastruct/list/linked_list.go:101.2,101.26 1 1
github.com/zxmfke/train/datastruct/list/linked_list.go:101.26,104.3 2 1
github.com/zxmfke/train/datastruct/list/linked_list.go:106.2,106.26 1 1
github.com/zxmfke/train/datastruct/list/linked_list.go:106.26,110.3 3 1
github.com/zxmfke/train/datastruct/list/linked_list.go:113.2,118.8 5 1
github.com/zxmfke/train/datastruct/list/linked_list.go:122.37,124.2 1 1
github.com/zxmfke/train/datastruct/list/linked_list.go:127.55,129.17 1 1
github.com/zxmfke/train/datastruct/list/linked_list.go:129.17,131.3 1 1
github.com/zxmfke/train/datastruct/list/linked_list.go:133.2,135.22 2 1
github.com/zxmfke/train/datastruct/list/linked_list.go:135.22,140.3 4 1
github.com/zxmfke/train/datastruct/list/linked_list.go:142.2,144.28 3 1
github.com/zxmfke/train/datastruct/list/linked_list.go:148.55,150.17 1 1
github.com/zxmfke/train/datastruct/list/linked_list.go:150.17,152.3 1 1
github.com/zxmfke/train/datastruct/list/linked_list.go:154.2,156.22 2 1
github.com/zxmfke/train/datastruct/list/linked_list.go:156.22,161.3 4 1
github.com/zxmfke/train/datastruct/list/linked_list.go:163.2,165.28 3 1
github.com/zxmfke/train/datastruct/list/linked_list.go:168.38,169.17 1 1
github.com/zxmfke/train/datastruct/list/linked_list.go:169.17,171.3 1 1
github.com/zxmfke/train/datastruct/list/linked_list.go:173.2,177.22 3 1
github.com/zxmfke/train/datastruct/list/linked_list.go:177.22,180.3 2 1
github.com/zxmfke/train/datastruct/list/linked_list.go:182.2,182.19 1 1
github.com/zxmfke/train/datastruct/list/linked_list.go:185.53,188.22 2 1
github.com/zxmfke/train/datastruct/list/linked_list.go:188.22,189.24 1 1
github.com/zxmfke/train/datastruct/list/linked_list.go:189.24,191.4 1 1
github.com/zxmfke/train/datastruct/list/linked_list.go:192.3,192.27 1 1
github.com/zxmfke/train/datastruct/list/linked_list.go:195.2,195.19 1 1
github.com/zxmfke/train/datastruct/list/linked_list.go:198.58,200.10 2 1
github.com/zxmfke/train/datastruct/list/linked_list.go:200.10,202.3 1 1
github.com/zxmfke/train/datastruct/list/linked_list.go:204.2,204.21 1 1
